<?xml version="1.0" encoding="UTF-8"?>
<!-- Generated by org.testng.reporters.JUnitReportReporter -->
<testsuite hostname="DESKTOP-BE2CGJN" failures="0" tests="1" name="QATesting.MavenProject.RestAPI" time="0.015" errors="0" timestamp="2021-07-27T18:05:53 IST" skipped="0">
  <testcase classname="QATesting.MavenProject.RestAPI" name="test1" time="0.015"/>
  <system-out/>
</testsuite> <!-- QATesting.MavenProject.RestAPI -->
