<?xml version="1.0" encoding="UTF-8"?>
<!-- Generated by org.testng.reporters.JUnitReportReporter -->
<testsuite skipped="0" hostname="DESKTOP-BE2CGJN" name="QATesting.MavenProject.SeleniumTest" tests="2" failures="0" timestamp="28 Jul 2021 14:30:04 GMT" time="0.003" errors="0">
  <testcase name="test3" time="0.000" classname="QATesting.MavenProject.SeleniumTest"/>
  <testcase name="test4" time="0.003" classname="QATesting.MavenProject.SeleniumTest"/>
</testsuite> <!-- QATesting.MavenProject.SeleniumTest -->
