<?xml version="1.0" encoding="UTF-8"?>
<!-- Generated by org.testng.reporters.JUnitReportReporter -->
<testsuite skipped="0" hostname="DESKTOP-BE2CGJN" name="QATesting.MavenProject.RestAPITest" tests="2" failures="0" timestamp="28 Jul 2021 14:30:04 GMT" time="0.002" errors="0">
  <testcase name="test1" time="0.001" classname="QATesting.MavenProject.RestAPITest"/>
  <testcase name="test2" time="0.001" classname="QATesting.MavenProject.RestAPITest"/>
</testsuite> <!-- QATesting.MavenProject.RestAPITest -->
