<?xml version="1.0" encoding="UTF-8"?>
<!-- Generated by org.testng.reporters.JUnitReportReporter -->
<testsuite skipped="0" hostname="DESKTOP-BE2CGJN" name="QATesting.MavenProject.AppiumTest" tests="2" failures="0" timestamp="28 Jul 2021 14:30:04 GMT" time="0.023" errors="0">
  <testcase name="test5" time="0.017" classname="QATesting.MavenProject.AppiumTest"/>
  <testcase name="test6" time="0.006" classname="QATesting.MavenProject.AppiumTest"/>
</testsuite> <!-- QATesting.MavenProject.AppiumTest -->
